<?xml version="1.0" encoding="UTF-8"?>
<testng-results skipped="0" failed="0" ignored="0" total="2" passed="2">
  <reporter-output>
  </reporter-output>
  <suite name="Default suite" duration-ms="3155" started-at="2023-05-18T21:19:14Z" finished-at="2023-05-18T21:19:17Z">
    <groups>
    </groups>
    <test name="Default test" duration-ms="3155" started-at="2023-05-18T21:19:14Z" finished-at="2023-05-18T21:19:17Z">
      <class name="testCases.DeleteOneProduct">
        <test-method status="PASS" signature="deleteteOneProduct()[pri:1, instance:testCases.DeleteOneProduct@1e802ef9]" name="deleteteOneProduct" duration-ms="2544" started-at="2023-05-18T21:19:14Z" finished-at="2023-05-18T21:19:16Z">
          <reporter-output>
          </reporter-output>
        </test-method> <!-- deleteteOneProduct -->
        <test-method status="PASS" signature="readOneProduct()[pri:2, instance:testCases.DeleteOneProduct@1e802ef9]" name="readOneProduct" duration-ms="590" started-at="2023-05-18T21:19:16Z" finished-at="2023-05-18T21:19:17Z">
          <reporter-output>
          </reporter-output>
        </test-method> <!-- readOneProduct -->
      </class> <!-- testCases.DeleteOneProduct -->
    </test> <!-- Default test -->
  </suite> <!-- Default suite -->
</testng-results>
